TN:
SF:src/index.js
FN:8,buildTrelloDescription
FN:18,postToTrello
FN:74,Object.<anonymous>.exports.handler
FNF:3
FNH:3
FNDA:3,buildTrelloDescription
FNDA:3,postToTrello
FNDA:4,Object.<anonymous>.exports.handler
DA:1,1
DA:2,1
DA:3,1
DA:4,1
DA:5,1
DA:6,1
DA:7,1
DA:8,3
DA:9,3
DA:10,3
DA:11,3
DA:12,3
DA:13,3
DA:14,3
DA:15,3
DA:16,3
DA:17,1
DA:18,3
DA:19,3
DA:20,3
DA:21,3
DA:22,3
DA:23,3
DA:24,3
DA:25,3
DA:26,3
DA:27,3
DA:28,3
DA:29,3
DA:30,3
DA:31,3
DA:32,3
DA:33,3
DA:34,3
DA:35,3
DA:36,3
DA:37,3
DA:38,3
DA:39,3
DA:40,3
DA:41,3
DA:42,3
DA:43,3
DA:44,3
DA:45,3
DA:46,3
DA:47,2
DA:48,2
DA:49,2
DA:50,2
DA:51,2
DA:52,2
DA:53,2
DA:54,2
DA:55,2
DA:56,2
DA:57,2
DA:58,2
DA:59,2
DA:60,2
DA:61,2
DA:62,2
DA:63,3
DA:64,3
DA:65,1
DA:66,1
DA:67,1
DA:68,1
DA:69,3
DA:70,3
DA:71,3
DA:72,3
DA:73,1
DA:74,1
DA:75,4
DA:76,4
DA:77,4
DA:78,4
DA:79,4
DA:80,4
DA:81,4
DA:82,4
DA:83,4
DA:84,1
DA:85,1
DA:86,1
DA:87,1
DA:88,3
DA:89,3
DA:90,3
DA:91,3
DA:92,3
DA:93,3
DA:94,3
DA:95,3
DA:96,3
DA:97,2
DA:98,2
DA:99,2
DA:100,2
DA:101,2
DA:102,3
DA:103,1
DA:104,1
DA:105,1
DA:106,1
DA:107,3
LF:107
LH:107
BRDA:8,0,0,3
BRDA:18,1,0,3
BRDA:19,2,0,3
BRDA:46,3,0,2
BRDA:58,4,0,1
BRDA:49,5,0,2
BRDA:53,6,0,2
BRDA:64,7,0,1
BRDA:74,8,0,4
BRDA:83,9,0,1
BRDA:88,10,0,3
BRDA:96,11,0,2
BRDA:102,12,0,1
BRF:13
BRH:13
end_of_record
